<?xml version="1.0" encoding="UTF-8"?>
<!-- Generated by org.testng.reporters.JUnitReportReporter -->
<testsuite skipped="0" hostname="DESKTOP-P0H3EMJ" name="com.qa.test.NewTesttwo" tests="4" failures="0" timestamp="07 Sep 2021 06:49:48 GMT" time="0.010" errors="0">
  <testcase name="mul" time="0.001" classname="com.qa.test.NewTesttwo"/>
  <testcase name="sub" time="0.003" classname="com.qa.test.NewTesttwo"/>
  <testcase name="div" time="0.002" classname="com.qa.test.NewTesttwo"/>
  <testcase name="sum" time="0.004" classname="com.qa.test.NewTesttwo"/>
</testsuite> <!-- com.qa.test.NewTesttwo -->
