<?xml version="1.0" encoding="UTF-8"?>
<!-- Generated by org.testng.reporters.JUnitReportReporter -->
<testsuite skipped="0" hostname="DESKTOP-P0H3EMJ" name="com.qa.test.NewTestone" tests="4" failures="0" timestamp="07 Sep 2021 06:49:48 GMT" time="0.009" errors="0">
  <testcase name="div" time="0.002" classname="com.qa.test.NewTestone"/>
  <testcase name="sum" time="0.002" classname="com.qa.test.NewTestone"/>
  <testcase name="mul" time="0.003" classname="com.qa.test.NewTestone"/>
  <testcase name="sub" time="0.002" classname="com.qa.test.NewTestone"/>
</testsuite> <!-- com.qa.test.NewTestone -->
