<?xml version="1.0" encoding="UTF-8"?>
<!-- Generated by org.testng.reporters.JUnitReportReporter -->
<testsuite skipped="0" hostname="DESKTOP-P0H3EMJ" name="com.qa.test.NewTest" tests="4" failures="0" timestamp="07 Sep 2021 06:49:48 GMT" time="0.028" errors="0">
  <testcase name="div" time="0.010" classname="com.qa.test.NewTest"/>
  <testcase name="mul" time="0.008" classname="com.qa.test.NewTest"/>
  <testcase name="sum" time="0.004" classname="com.qa.test.NewTest"/>
  <testcase name="sub" time="0.006" classname="com.qa.test.NewTest"/>
</testsuite> <!-- com.qa.test.NewTest -->
